<?xml version="1.0" encoding="UTF-8"?>
<!-- Generated by org.testng.reporters.JUnitReportReporter -->
<testsuite hostname="LIN-PF1PC2DN" failures="0" tests="1" name="com.Testng.ExcelReaderTest1" time="4.124" errors="0" timestamp="2024-05-21T09:21:20 IST" skipped="0">
  <testcase classname="com.Testng.ExcelReaderTest1" name="addData" time="4.124"/>
</testsuite> <!-- com.Testng.ExcelReaderTest1 -->
