<?xml version="1.0" encoding="UTF-8"?>
<!-- Generated by org.testng.reporters.JUnitReportReporter -->
<testsuite hostname="LIN-PF1PC2DN" failures="0" tests="13" name="com.restasuured.RestAssured.GetUserListTest1" time="4.060" errors="0" timestamp="2024-05-17T17:30:15 IST" skipped="9">
  <testcase classname="com.restasuured.RestAssured.GetUserListTest1" name="getData" time="0.327"/>
  <testcase classname="com.restasuured.RestAssured.GetUserListTest1" name="getData" time="2.700"/>
  <testcase classname="com.restasuured.RestAssured.GetUserListTest1" name="addData" time="0.456"/>
  <testcase classname="com.restasuured.RestAssured.GetUserListTest1" name="addData" time="0.577"/>
  <testcase classname="com.restasuured.RestAssured.GetUserListTest1" name="putData">
    <skipped/>
  </testcase> <!-- putData -->
  <testcase classname="com.restasuured.RestAssured.GetUserListTest1" name="deleteData">
    <skipped/>
  </testcase> <!-- deleteData -->
  <testcase classname="com.restasuured.RestAssured.GetUserListTest1" name="putData">
    <skipped/>
  </testcase> <!-- putData -->
  <testcase classname="com.restasuured.RestAssured.GetUserListTest1" name="patchData">
    <skipped/>
  </testcase> <!-- patchData -->
  <testcase classname="com.restasuured.RestAssured.GetUserListTest1" name="deleteData">
    <skipped/>
  </testcase> <!-- deleteData -->
  <testcase classname="com.restasuured.RestAssured.GetUserListTest1" name="putData">
    <skipped/>
  </testcase> <!-- putData -->
  <testcase classname="com.restasuured.RestAssured.GetUserListTest1" name="patchData">
    <skipped/>
  </testcase> <!-- patchData -->
  <testcase classname="com.restasuured.RestAssured.GetUserListTest1" name="deleteData">
    <skipped/>
  </testcase> <!-- deleteData -->
  <testcase classname="com.restasuured.RestAssured.GetUserListTest1" name="patchData">
    <skipped/>
  </testcase> <!-- patchData -->
</testsuite> <!-- com.restasuured.RestAssured.GetUserListTest1 -->
