<?xml version="1.0" encoding="UTF-8"?>
<!-- Generated by org.testng.reporters.JUnitReportReporter -->
<testsuite hostname="LIN-PF1PC2DN" failures="0" tests="2" name="Dataprovider.Dataprovider" time="1.020" errors="0" timestamp="2024-05-24T11:18:47 IST" skipped="0">
  <testcase classname="Dataprovider.Dataprovider" name="user_should_enter_and" time="0.002"/>
  <testcase classname="Dataprovider.Dataprovider" name="user_should_enter_and" time="1.018"/>
</testsuite> <!-- Dataprovider.Dataprovider -->
