<?xml version="1.0" encoding="UTF-8"?>
<!-- Generated by org.testng.reporters.JUnitReportReporter -->
<testsuite hostname="LIN-PF1PC2DN" failures="0" tests="1" name="com.restasuured.RestAssured.TestNg1" time="0.015" errors="0" timestamp="2024-05-16T12:10:18 IST" skipped="0">
  <testcase classname="com.restasuured.RestAssured.TestNg1" name="test" time="0.015"/>
</testsuite> <!-- com.restasuured.RestAssured.TestNg1 -->
