<?xml version="1.0" encoding="UTF-8"?>
<!-- Generated by org.testng.reporters.JUnitReportReporter -->
<testsuite hostname="LIN-PF1PC2DN" failures="0" tests="1" name="TestRunner.excel" time="3.472" errors="0" timestamp="2024-05-27T16:07:53 IST" skipped="0">
  <testcase classname="TestRunner.excel" name="runScenario" time="3.472"/>
</testsuite> <!-- TestRunner.excel -->
