<?xml version="1.0" encoding="UTF-8"?>
<!-- Generated by org.testng.reporters.JUnitReportReporter -->
<testsuite hostname="LIN-PF1PC2DN" failures="0" tests="2" name="com.Testng.TestParameters1" time="3.932" errors="0" timestamp="2024-05-17T17:31:05 IST" skipped="0">
  <testcase classname="com.Testng.TestParameters1" name="addData" time="3.496"/>
  <testcase classname="com.Testng.TestParameters1" name="addData" time="0.436"/>
</testsuite> <!-- com.Testng.TestParameters1 -->
