<?xml version="1.0" encoding="UTF-8"?>
<!-- Generated by org.testng.reporters.JUnitReportReporter -->
<testsuite hostname="LIN-PF1PC2DN" failures="0" tests="1" name="ObjRepository.TestParameters1" time="3.487" errors="0" timestamp="2024-05-17T16:14:30 IST" skipped="0">
  <testcase classname="ObjRepository.TestParameters1" name="addData" time="3.487"/>
</testsuite> <!-- ObjRepository.TestParameters1 -->
