<?xml version="1.0" encoding="UTF-8"?>
<!-- Generated by org.testng.reporters.JUnitReportReporter -->
<testsuite hostname="LIN-PF1PC2DN" failures="0" tests="3" name="com.restasuured.RestAssured.TestNg2" time="2.823" errors="0" timestamp="2024-05-16T10:11:53 IST" skipped="0">
  <testcase classname="com.restasuured.RestAssured.TestNg2" name="getData" time="2.552"/>
  <testcase classname="com.restasuured.RestAssured.TestNg2" name="addData" time="0.169"/>
  <testcase classname="com.restasuured.RestAssured.TestNg2" name="putData" time="0.102"/>
</testsuite> <!-- com.restasuured.RestAssured.TestNg2 -->
