<?xml version="1.0" encoding="UTF-8"?>
<!-- Generated by org.testng.reporters.JUnitReportReporter -->
<testsuite hostname="LIN-PF1PC2DN" failures="0" tests="4" name="com.Testng.ExcelReaderTest2" time="4.913" errors="0" timestamp="2024-05-21T16:49:02 IST" skipped="0">
  <testcase classname="com.Testng.ExcelReaderTest2" name="addData" time="0.534"/>
  <testcase classname="com.Testng.ExcelReaderTest2" name="addData" time="3.230"/>
  <testcase classname="com.Testng.ExcelReaderTest2" name="addData" time="0.519"/>
  <testcase classname="com.Testng.ExcelReaderTest2" name="addData" time="0.630"/>
</testsuite> <!-- com.Testng.ExcelReaderTest2 -->
