<?xml version="1.0" encoding="UTF-8"?>
<!-- Generated by org.testng.reporters.JUnitReportReporter -->
<testsuite hostname="LIN-PF1PC2DN" failures="0" tests="4" name="com.Testng.HtmlReportGeneration" time="5.224" errors="0" timestamp="2024-05-22T13:10:32 IST" skipped="0">
  <testcase classname="com.Testng.HtmlReportGeneration" name="addData" time="0.434"/>
  <testcase classname="com.Testng.HtmlReportGeneration" name="addData" time="0.465"/>
  <testcase classname="com.Testng.HtmlReportGeneration" name="addData" time="0.440"/>
  <testcase classname="com.Testng.HtmlReportGeneration" name="addData" time="3.885"/>
</testsuite> <!-- com.Testng.HtmlReportGeneration -->
