<?xml version="1.0" encoding="UTF-8"?>
<!-- Generated by org.testng.reporters.JUnitReportReporter -->
<testsuite hostname="LIN-PF1PC2DN" failures="0" tests="3" name="TestRunner.RunnerForAdd" time="0.330" errors="0" timestamp="2024-05-28T09:48:09 IST" skipped="0">
  <testcase classname="TestRunner.RunnerForAdd" name="runScenario" time="0.013"/>
  <testcase classname="TestRunner.RunnerForAdd" name="runScenario" time="0.020"/>
  <testcase classname="TestRunner.RunnerForAdd" name="runScenario" time="0.297"/>
</testsuite> <!-- TestRunner.RunnerForAdd -->
