<?xml version="1.0" encoding="UTF-8"?>
<!-- Generated by org.testng.reporters.JUnitReportReporter -->
<testsuite hostname="LIN-PF1PC2DN" failures="0" tests="5" name="com.Testng.GetUserListTest1" time="4.277" errors="0" timestamp="2024-05-16T17:35:38 IST" skipped="3">
  <testcase classname="com.Testng.GetUserListTest1" name="addData" time="3.685"/>
  <testcase classname="com.Testng.GetUserListTest1" name="addData" time="0.592"/>
  <testcase classname="com.Testng.GetUserListTest1" name="deleteData">
    <skipped/>
  </testcase> <!-- deleteData -->
  <testcase classname="com.Testng.GetUserListTest1" name="putData">
    <skipped/>
  </testcase> <!-- putData -->
  <testcase classname="com.Testng.GetUserListTest1" name="patchData">
    <skipped/>
  </testcase> <!-- patchData -->
</testsuite> <!-- com.Testng.GetUserListTest1 -->
