<?xml version="1.0" encoding="UTF-8"?>
<!-- Generated by org.testng.reporters.JUnitReportReporter -->
<testsuite hostname="LIN-PF1PC2DN" failures="0" tests="4" name="com.Testng.DataProviderTest" time="5.366" errors="0" timestamp="2024-05-17T14:52:53 IST" skipped="2">
  <testcase classname="com.Testng.DataProviderTest" name="addData" time="4.873"/>
  <testcase classname="com.Testng.DataProviderTest" name="addData" time="0.493"/>
  <testcase classname="com.Testng.DataProviderTest" name="patchData">
    <skipped/>
  </testcase> <!-- patchData -->
  <testcase classname="com.Testng.DataProviderTest" name="deleteData">
    <skipped/>
  </testcase> <!-- deleteData -->
</testsuite> <!-- com.Testng.DataProviderTest -->
